<?xml version="1.0" encoding="UTF-8"?>
<testng-results skipped="0" failed="0" ignored="0" total="1" passed="1">
  <reporter-output>
  </reporter-output>
  <suite name="Suite" duration-ms="84961" started-at="2023-03-05T12:17:38Z" finished-at="2023-03-05T12:19:03Z">
    <groups>
    </groups>
    <test name="Test" duration-ms="84961" started-at="2023-03-05T12:17:38Z" finished-at="2023-03-05T12:19:03Z">
      <class name="com.knila.test.Test">
        <test-method status="PASS" signature="startTest()[pri:0, instance:com.knila.test.Test@29176cc1]" name="startTest" is-config="true" duration-ms="495" started-at="2023-03-05T12:17:38Z" finished-at="2023-03-05T12:17:39Z">
          <reporter-output>
          </reporter-output>
        </test-method> <!-- startTest -->
        <test-method status="PASS" signature="beforeClass()[pri:0, instance:com.knila.test.Test@29176cc1]" name="beforeClass" is-config="true" duration-ms="10549" started-at="2023-03-05T12:17:39Z" finished-at="2023-03-05T12:17:49Z">
          <reporter-output>
          </reporter-output>
        </test-method> <!-- beforeClass -->
        <test-method status="PASS" signature="purchaseTest()[pri:0, instance:com.knila.test.Test@29176cc1]" name="purchaseTest" duration-ms="69950" started-at="2023-03-05T12:17:49Z" finished-at="2023-03-05T12:18:59Z">
          <reporter-output>
          </reporter-output>
        </test-method> <!-- purchaseTest -->
        <test-method status="PASS" signature="after(org.testng.ITestResult)[pri:0, instance:com.knila.test.Test@29176cc1]" name="after" is-config="true" duration-ms="4" started-at="2023-03-05T12:18:59Z" finished-at="2023-03-05T12:18:59Z">
          <params>
            <param index="0">
              <value>
                <![CDATA[[TestResult name=purchaseTest status=SUCCESS method=Test.purchaseTest()[pri:0, instance:com.knila.test.Test@29176cc1] output={null}]]]>
              </value>
            </param>
          </params>
          <reporter-output>
          </reporter-output>
        </test-method> <!-- after -->
        <test-method status="PASS" signature="afterClass()[pri:0, instance:com.knila.test.Test@29176cc1]" name="afterClass" is-config="true" duration-ms="3880" started-at="2023-03-05T12:18:59Z" finished-at="2023-03-05T12:19:03Z">
          <reporter-output>
          </reporter-output>
        </test-method> <!-- afterClass -->
      </class> <!-- com.knila.test.Test -->
    </test> <!-- Test -->
  </suite> <!-- Suite -->
</testng-results>
